{"C:\\Users\\Mana\\Desktop\\Proj_15\\Weather-Application\\5days.js": {"path":"C:\\Users\\Mana\\Desktop\\Proj_15\\Weather-Application\\5days.js","statementMap":{"0":{"start":{"line":1,"column":16},"end":{"line":1,"column":34}},"1":{"start":{"line":9,"column":0},"end":{"line":37,"column":1}},"2":{"start":{"line":10,"column":15},"end":{"line":10,"column":17}},"3":{"start":{"line":11,"column":15},"end":{"line":11,"column":139}},"4":{"start":{"line":12,"column":4},"end":{"line":36,"column":6}},"5":{"start":{"line":13,"column":8},"end":{"line":35,"column":6}},"6":{"start":{"line":18,"column":8},"end":{"line":34,"column":9}},"7":{"start":{"line":19,"column":22},"end":{"line":19,"column":73}},"8":{"start":{"line":20,"column":12},"end":{"line":28,"column":13}},"9":{"start":{"line":21,"column":26},"end":{"line":21,"column":31}},"10":{"start":{"line":22,"column":30},"end":{"line":22,"column":32}},"11":{"start":{"line":23,"column":16},"end":{"line":23,"column":80}},"12":{"start":{"line":24,"column":16},"end":{"line":24,"column":83}},"13":{"start":{"line":25,"column":16},"end":{"line":25,"column":55}},"14":{"start":{"line":26,"column":16},"end":{"line":26,"column":55}},"15":{"start":{"line":27,"column":16},"end":{"line":27,"column":41}},"16":{"start":{"line":31,"column":12},"end":{"line":31,"column":25}},"17":{"start":{"line":33,"column":12},"end":{"line":33,"column":32}}},"fnMap":{"0":{"name":"(anonymous_0)","decl":{"start":{"line":9,"column":31},"end":{"line":9,"column":32}},"loc":{"start":{"line":9,"column":54},"end":{"line":37,"column":1}},"line":9},"1":{"name":"(anonymous_1)","decl":{"start":{"line":12,"column":24},"end":{"line":12,"column":25}},"loc":{"start":{"line":12,"column":43},"end":{"line":36,"column":5}},"line":12},"2":{"name":"(anonymous_2)","decl":{"start":{"line":17,"column":4},"end":{"line":17,"column":5}},"loc":{"start":{"line":17,"column":30},"end":{"line":35,"column":5}},"line":17}},"branchMap":{"0":{"loc":{"start":{"line":18,"column":8},"end":{"line":34,"column":9}},"type":"if","locations":[{"start":{"line":18,"column":8},"end":{"line":34,"column":9}},{"start":{"line":18,"column":8},"end":{"line":34,"column":9}}],"line":18}},"s":{"0":1,"1":1,"2":4,"3":4,"4":4,"5":4,"6":4,"7":4,"8":4,"9":20,"10":20,"11":20,"12":20,"13":20,"14":20,"15":20,"16":4,"17":0},"f":{"0":4,"1":4,"2":4},"b":{"0":[4,0]},"_coverageSchema":"332fd63041d2c1bcb487cc26dd0d5f7d97098a6c","hash":"8a3be9d320c8693c1f2f89dcde13f82d82969ddb"}
,"C:\\Users\\Mana\\Desktop\\Proj_15\\Weather-Application\\attract.js": {"path":"C:\\Users\\Mana\\Desktop\\Proj_15\\Weather-Application\\attract.js","statementMap":{"0":{"start":{"line":1,"column":16},"end":{"line":1,"column":34}},"1":{"start":{"line":11,"column":0},"end":{"line":37,"column":1}},"2":{"start":{"line":12,"column":18},"end":{"line":12,"column":20}},"3":{"start":{"line":13,"column":12},"end":{"line":13,"column":144}},"4":{"start":{"line":14,"column":1},"end":{"line":36,"column":3}},"5":{"start":{"line":15,"column":2},"end":{"line":35,"column":4}},"6":{"start":{"line":20,"column":3},"end":{"line":20,"column":11}},"7":{"start":{"line":21,"column":3},"end":{"line":33,"column":4}},"8":{"start":{"line":22,"column":33},"end":{"line":22,"column":55}},"9":{"start":{"line":23,"column":4},"end":{"line":31,"column":5}},"10":{"start":{"line":24,"column":5},"end":{"line":24,"column":18}},"11":{"start":{"line":25,"column":5},"end":{"line":25,"column":20}},"12":{"start":{"line":26,"column":5},"end":{"line":26,"column":66}},"13":{"start":{"line":27,"column":5},"end":{"line":27,"column":50}},"14":{"start":{"line":28,"column":5},"end":{"line":28,"column":53}},"15":{"start":{"line":29,"column":20},"end":{"line":29,"column":71}},"16":{"start":{"line":30,"column":20},"end":{"line":30,"column":58}},"17":{"start":{"line":32,"column":4},"end":{"line":32,"column":23}},"18":{"start":{"line":34,"column":3},"end":{"line":34,"column":21}}},"fnMap":{"0":{"name":"(anonymous_0)","decl":{"start":{"line":11,"column":24},"end":{"line":11,"column":25}},"loc":{"start":{"line":11,"column":55},"end":{"line":37,"column":1}},"line":11},"1":{"name":"(anonymous_1)","decl":{"start":{"line":14,"column":20},"end":{"line":14,"column":21}},"loc":{"start":{"line":14,"column":41},"end":{"line":36,"column":2}},"line":14},"2":{"name":"(anonymous_2)","decl":{"start":{"line":19,"column":2},"end":{"line":19,"column":3}},"loc":{"start":{"line":19,"column":23},"end":{"line":35,"column":3}},"line":19}},"branchMap":{"0":{"loc":{"start":{"line":21,"column":3},"end":{"line":33,"column":4}},"type":"if","locations":[{"start":{"line":21,"column":3},"end":{"line":33,"column":4}},{"start":{"line":21,"column":3},"end":{"line":33,"column":4}}],"line":21}},"s":{"0":1,"1":1,"2":7,"3":7,"4":7,"5":7,"6":7,"7":7,"8":7,"9":7,"10":140,"11":140,"12":140,"13":140,"14":140,"15":140,"16":140,"17":7,"18":7},"f":{"0":7,"1":7,"2":7},"b":{"0":[7,0]},"_coverageSchema":"332fd63041d2c1bcb487cc26dd0d5f7d97098a6c","hash":"a3f775d524478e06d4002840b2c349f2cfcf1ff0"}
,"C:\\Users\\Mana\\Desktop\\Proj_15\\Weather-Application\\geolocation.js": {"path":"C:\\Users\\Mana\\Desktop\\Proj_15\\Weather-Application\\geolocation.js","statementMap":{"0":{"start":{"line":1,"column":16},"end":{"line":1,"column":34}},"1":{"start":{"line":7,"column":0},"end":{"line":32,"column":1}},"2":{"start":{"line":8,"column":15},"end":{"line":8,"column":17}},"3":{"start":{"line":9,"column":15},"end":{"line":9,"column":94}},"4":{"start":{"line":10,"column":4},"end":{"line":31,"column":6}},"5":{"start":{"line":11,"column":8},"end":{"line":30,"column":14}},"6":{"start":{"line":16,"column":30},"end":{"line":16,"column":73}},"7":{"start":{"line":17,"column":16},"end":{"line":29,"column":17}},"8":{"start":{"line":18,"column":20},"end":{"line":18,"column":85}},"9":{"start":{"line":19,"column":20},"end":{"line":19,"column":74}},"10":{"start":{"line":20,"column":20},"end":{"line":20,"column":75}},"11":{"start":{"line":21,"column":20},"end":{"line":21,"column":33}},"12":{"start":{"line":23,"column":21},"end":{"line":29,"column":17}},"13":{"start":{"line":24,"column":20},"end":{"line":24,"column":58}},"14":{"start":{"line":25,"column":20},"end":{"line":25,"column":32}},"15":{"start":{"line":28,"column":20},"end":{"line":28,"column":39}}},"fnMap":{"0":{"name":"(anonymous_0)","decl":{"start":{"line":7,"column":30},"end":{"line":7,"column":31}},"loc":{"start":{"line":7,"column":51},"end":{"line":32,"column":1}},"line":7},"1":{"name":"(anonymous_1)","decl":{"start":{"line":10,"column":23},"end":{"line":10,"column":24}},"loc":{"start":{"line":10,"column":44},"end":{"line":31,"column":5}},"line":10},"2":{"name":"(anonymous_2)","decl":{"start":{"line":15,"column":12},"end":{"line":15,"column":13}},"loc":{"start":{"line":15,"column":33},"end":{"line":30,"column":13}},"line":15}},"branchMap":{"0":{"loc":{"start":{"line":17,"column":16},"end":{"line":29,"column":17}},"type":"if","locations":[{"start":{"line":17,"column":16},"end":{"line":29,"column":17}},{"start":{"line":17,"column":16},"end":{"line":29,"column":17}}],"line":17},"1":{"loc":{"start":{"line":17,"column":20},"end":{"line":17,"column":73}},"type":"binary-expr","locations":[{"start":{"line":17,"column":20},"end":{"line":17,"column":40}},{"start":{"line":17,"column":44},"end":{"line":17,"column":73}}],"line":17},"2":{"loc":{"start":{"line":23,"column":21},"end":{"line":29,"column":17}},"type":"if","locations":[{"start":{"line":23,"column":21},"end":{"line":29,"column":17}},{"start":{"line":23,"column":21},"end":{"line":29,"column":17}}],"line":23}},"s":{"0":1,"1":1,"2":1,"3":1,"4":1,"5":1,"6":1,"7":1,"8":1,"9":1,"10":1,"11":1,"12":0,"13":0,"14":0,"15":0},"f":{"0":1,"1":1,"2":1},"b":{"0":[1,0],"1":[1,1],"2":[0,0]},"_coverageSchema":"332fd63041d2c1bcb487cc26dd0d5f7d97098a6c","hash":"d665af5b0d54a05bda851aa34107e581e6abbf52"}
,"C:\\Users\\Mana\\Desktop\\Proj_15\\Weather-Application\\news.js": {"path":"C:\\Users\\Mana\\Desktop\\Proj_15\\Weather-Application\\news.js","statementMap":{"0":{"start":{"line":1,"column":16},"end":{"line":1,"column":34}},"1":{"start":{"line":6,"column":0},"end":{"line":38,"column":1}},"2":{"start":{"line":7,"column":21},"end":{"line":7,"column":23}},"3":{"start":{"line":8,"column":19},"end":{"line":8,"column":21}},"4":{"start":{"line":9,"column":19},"end":{"line":9,"column":21}},"5":{"start":{"line":10,"column":20},"end":{"line":10,"column":30}},"6":{"start":{"line":11,"column":15},"end":{"line":11,"column":103}},"7":{"start":{"line":12,"column":4},"end":{"line":37,"column":6}},"8":{"start":{"line":13,"column":8},"end":{"line":36,"column":10}},"9":{"start":{"line":17,"column":12},"end":{"line":17,"column":20}},"10":{"start":{"line":18,"column":12},"end":{"line":34,"column":13}},"11":{"start":{"line":19,"column":16},"end":{"line":33,"column":17}},"12":{"start":{"line":20,"column":20},"end":{"line":25,"column":21}},"13":{"start":{"line":21,"column":24},"end":{"line":21,"column":65}},"14":{"start":{"line":22,"column":24},"end":{"line":22,"column":61}},"15":{"start":{"line":23,"column":24},"end":{"line":23,"column":68}},"16":{"start":{"line":24,"column":24},"end":{"line":24,"column":33}},"17":{"start":{"line":27,"column":20},"end":{"line":32,"column":21}},"18":{"start":{"line":28,"column":24},"end":{"line":28,"column":65}},"19":{"start":{"line":29,"column":24},"end":{"line":29,"column":61}},"20":{"start":{"line":30,"column":24},"end":{"line":30,"column":68}},"21":{"start":{"line":31,"column":24},"end":{"line":31,"column":33}},"22":{"start":{"line":35,"column":12},"end":{"line":35,"column":53}},"23":{"start":{"line":45,"column":12},"end":{"line":45,"column":22}},"24":{"start":{"line":46,"column":20},"end":{"line":46,"column":36}},"25":{"start":{"line":47,"column":18},"end":{"line":47,"column":29}},"26":{"start":{"line":48,"column":19},"end":{"line":48,"column":34}},"27":{"start":{"line":49,"column":20},"end":{"line":49,"column":32}},"28":{"start":{"line":50,"column":4},"end":{"line":57,"column":5}},"29":{"start":{"line":51,"column":24},"end":{"line":51,"column":26}},"30":{"start":{"line":52,"column":23},"end":{"line":52,"column":35}},"31":{"start":{"line":53,"column":8},"end":{"line":53,"column":88}},"32":{"start":{"line":56,"column":8},"end":{"line":56,"column":88}}},"fnMap":{"0":{"name":"(anonymous_0)","decl":{"start":{"line":6,"column":29},"end":{"line":6,"column":30}},"loc":{"start":{"line":6,"column":49},"end":{"line":38,"column":1}},"line":6},"1":{"name":"(anonymous_1)","decl":{"start":{"line":12,"column":23},"end":{"line":12,"column":24}},"loc":{"start":{"line":12,"column":44},"end":{"line":37,"column":5}},"line":12},"2":{"name":"(anonymous_2)","decl":{"start":{"line":16,"column":11},"end":{"line":16,"column":12}},"loc":{"start":{"line":16,"column":38},"end":{"line":36,"column":9}},"line":16},"3":{"name":"get_date","decl":{"start":{"line":44,"column":9},"end":{"line":44,"column":17}},"loc":{"start":{"line":44,"column":19},"end":{"line":58,"column":1}},"line":44}},"branchMap":{"0":{"loc":{"start":{"line":18,"column":12},"end":{"line":34,"column":13}},"type":"if","locations":[{"start":{"line":18,"column":12},"end":{"line":34,"column":13}},{"start":{"line":18,"column":12},"end":{"line":34,"column":13}}],"line":18},"1":{"loc":{"start":{"line":19,"column":16},"end":{"line":33,"column":17}},"type":"if","locations":[{"start":{"line":19,"column":16},"end":{"line":33,"column":17}},{"start":{"line":19,"column":16},"end":{"line":33,"column":17}}],"line":19},"2":{"loc":{"start":{"line":50,"column":4},"end":{"line":57,"column":5}},"type":"if","locations":[{"start":{"line":50,"column":4},"end":{"line":57,"column":5}},{"start":{"line":50,"column":4},"end":{"line":57,"column":5}}],"line":50}},"s":{"0":1,"1":1,"2":4,"3":4,"4":4,"5":4,"6":4,"7":4,"8":4,"9":4,"10":4,"11":4,"12":4,"13":20,"14":20,"15":20,"16":20,"17":0,"18":0,"19":0,"20":0,"21":0,"22":4,"23":4,"24":4,"25":4,"26":4,"27":4,"28":4,"29":0,"30":0,"31":0,"32":4},"f":{"0":4,"1":4,"2":4,"3":4},"b":{"0":[4,0],"1":[4,0],"2":[0,4]},"_coverageSchema":"332fd63041d2c1bcb487cc26dd0d5f7d97098a6c","hash":"ea2c7c0bcb3668d68b93633d2c41ea3b6c29f003"}
}
