TN:
SF:C:\Users\Mana\Desktop\Proj_15\Weather-Application\5days.js
FN:9,(anonymous_0)
FN:12,(anonymous_1)
FN:17,(anonymous_2)
FNF:3
FNH:3
FNDA:4,(anonymous_0)
FNDA:4,(anonymous_1)
FNDA:4,(anonymous_2)
DA:1,1
DA:9,1
DA:10,4
DA:11,4
DA:12,4
DA:13,4
DA:18,4
DA:19,4
DA:20,4
DA:21,20
DA:22,20
DA:23,20
DA:24,20
DA:25,20
DA:26,20
DA:27,20
DA:31,4
DA:33,0
LF:18
LH:17
BRDA:18,0,0,4
BRDA:18,0,1,0
BRF:2
BRH:1
end_of_record
TN:
SF:C:\Users\Mana\Desktop\Proj_15\Weather-Application\attract.js
FN:11,(anonymous_0)
FN:14,(anonymous_1)
FN:19,(anonymous_2)
FNF:3
FNH:3
FNDA:7,(anonymous_0)
FNDA:7,(anonymous_1)
FNDA:7,(anonymous_2)
DA:1,1
DA:11,1
DA:12,7
DA:13,7
DA:14,7
DA:15,7
DA:20,7
DA:21,7
DA:22,7
DA:23,7
DA:24,140
DA:25,140
DA:26,140
DA:27,140
DA:28,140
DA:29,140
DA:30,140
DA:32,7
DA:34,7
LF:19
LH:19
BRDA:21,0,0,7
BRDA:21,0,1,0
BRF:2
BRH:1
end_of_record
TN:
SF:C:\Users\Mana\Desktop\Proj_15\Weather-Application\geolocation.js
FN:7,(anonymous_0)
FN:10,(anonymous_1)
FN:15,(anonymous_2)
FNF:3
FNH:3
FNDA:1,(anonymous_0)
FNDA:1,(anonymous_1)
FNDA:1,(anonymous_2)
DA:1,1
DA:7,1
DA:8,1
DA:9,1
DA:10,1
DA:11,1
DA:16,1
DA:17,1
DA:18,1
DA:19,1
DA:20,1
DA:21,1
DA:23,0
DA:24,0
DA:25,0
DA:28,0
LF:16
LH:12
BRDA:17,0,0,1
BRDA:17,0,1,0
BRDA:17,1,0,1
BRDA:17,1,1,1
BRDA:23,2,0,0
BRDA:23,2,1,0
BRF:6
BRH:3
end_of_record
TN:
SF:C:\Users\Mana\Desktop\Proj_15\Weather-Application\news.js
FN:6,(anonymous_0)
FN:12,(anonymous_1)
FN:16,(anonymous_2)
FN:44,get_date
FNF:4
FNH:4
FNDA:4,(anonymous_0)
FNDA:4,(anonymous_1)
FNDA:4,(anonymous_2)
FNDA:4,get_date
DA:1,1
DA:6,1
DA:7,4
DA:8,4
DA:9,4
DA:10,4
DA:11,4
DA:12,4
DA:13,4
DA:17,4
DA:18,4
DA:19,4
DA:20,4
DA:21,20
DA:22,20
DA:23,20
DA:24,20
DA:27,0
DA:28,0
DA:29,0
DA:30,0
DA:31,0
DA:35,4
DA:45,4
DA:46,4
DA:47,4
DA:48,4
DA:49,4
DA:50,4
DA:51,0
DA:52,0
DA:53,0
DA:56,4
LF:33
LH:25
BRDA:18,0,0,4
BRDA:18,0,1,0
BRDA:19,1,0,4
BRDA:19,1,1,0
BRDA:50,2,0,0
BRDA:50,2,1,4
BRF:6
BRH:3
end_of_record
